22:08:32 **** Incremental Build of configuration Debug for project first_avr_proj ****
make all 
Building file: ../main.c
Invoking: AVR Compiler
avr-gcc -Wall -g2 -gstabs -O0 -fpack-struct -fshort-enums -ffunction-sections -fdata-sections -std=gnu99 -funsigned-char -funsigned-bitfields -mmcu=atmega32 -DF_CPU=8000000UL -MMD -MP -MF"main.d" -MT"main.o" -c -o "main.o" "../main.c"
In file included from ../main.c:9:
c:/imt_sdk_win_64/winavr/lib/gcc/../../avr/include/util/delay.h:90:3: warning: #warning "Compiler optimizations disabled; functions from <util/delay.h> won't work as designed"
Finished building: ../main.c
 
Building target: first_avr_proj.elf
Invoking: AVR C Linker
avr-gcc -Wl,-Map,first_avr_proj.map -mmcu=atmega32 -o "first_avr_proj.elf"  ./main.o   
Finished building target: first_avr_proj.elf
 
Invoking: AVR Create Extended Listing
avr-objdump -h -S first_avr_proj.elf  >"first_avr_proj.lss"
Finished building: first_avr_proj.lss
 
Create Flash image (ihex format)
avr-objcopy -R .eeprom -R .fuse -R .lock -R .signature -O ihex first_avr_proj.elf  "first_avr_proj.hex"
Finished building: first_avr_proj.hex
 
Invoking: Print Size
avr-size --format=avr --mcu=atmega32 first_avr_proj.elf
AVR Memory Usage
----------------
Device: atmega32

Program:    3492 bytes (10.7% Full)
(.text + .data + .bootloader)

Data:          8 bytes (0.4% Full)
(.data + .bss + .noinit)


Finished building: sizedummy
 

22:08:32 Build Finished (took 734ms)

